#-----------------------------------------------------------
# Vivado v2018.2 (64-bit)
# SW Build 2258646 on Thu Jun 14 20:02:38 MDT 2018
# IP Build 2256618 on Thu Jun 14 22:10:49 MDT 2018
# Start of session at: Fri Apr 17 23:56:48 2020
# Process ID: 9812
# Current directory: /home/crypto/ws/thesis-related/sw/thesis/numato-driver/xdma_driver
# Command line: vivado
# Log file: /home/crypto/ws/thesis-related/sw/thesis/numato-driver/xdma_driver/vivado.log
# Journal file: /home/crypto/ws/thesis-related/sw/thesis/numato-driver/xdma_driver/vivado.jou
#-----------------------------------------------------------
start_gui
open_project /home/crypto/ws/thesis-related/hw/test_memory_mapped/Aller_200T_PCIe_DMA_v1/Aller_200T_PCIe_DMA/Aller_200T_PCIe_DMA.xpr
INFO: [Project 1-313] Project file moved from '/home/crypto/ws/thesis-related/hw/Test/memory_mapped/DMA_JTAG_DONE/Aller_200T_PCIe_DMA/Aller_200T_PCIe_DMA' since last save.
Scanning sources...
Finished scanning sources
INFO: [IP_Flow 19-234] Refreshing IP repositories
INFO: [IP_Flow 19-1704] No user IP repositories specified
INFO: [IP_Flow 19-2313] Loaded Vivado IP repository '/home/crypto/ssd/tools/Xilinx20182/Vivado/2018.2/data/ip'.
open_project: Time (s): cpu = 00:00:19 ; elapsed = 00:00:14 . Memory (MB): peak = 6227.277 ; gain = 237.332 ; free physical = 422 ; free virtual = 18137
update_compile_order -fileset sources_1
source /home/crypto/ws/thesis-related/read.tcl
# set numread 1
WARNING: [Labtoolstcl 44-226] No matching hw_axi were found
# reset_hw_axi [get_hw_axis hw_axi_1]
ERROR: [Labtoolstcl 44-229] Required <hw_axis> argument is empty.
open_hw
connect_hw_server
INFO: [Labtools 27-2285] Connecting to hw_server url TCP:localhost:3121
INFO: [Labtools 27-2222] Launching hw_server...
INFO: [Labtools 27-2221] Launch Output:

****** Xilinx hw_server v2018.2
  **** Build date : Jun 14 2018-20:18:37
    ** Copyright 1986-2018 Xilinx, Inc. All Rights Reserved.


open_hw_target
INFO: [Labtoolstcl 44-466] Opening hw_target localhost:3121/xilinx_tcf/Digilent/210241145210
set_property PROGRAM.FILE {/home/crypto/ws/thesis-related/hw/test_memory_mapped/Aller_200T_PCIe_DMA_v1/Aller_200T_PCIe_DMA/Aller_200T_PCIe_DMA.runs/impl_1/system_wrapper.bit} [get_hw_devices xc7a200t_0]
set_property PROBES.FILE {/home/crypto/ws/thesis-related/hw/test_memory_mapped/Aller_200T_PCIe_DMA_v1/Aller_200T_PCIe_DMA/Aller_200T_PCIe_DMA.runs/impl_1/system_wrapper.ltx} [get_hw_devices xc7a200t_0]
set_property FULL_PROBES.FILE {/home/crypto/ws/thesis-related/hw/test_memory_mapped/Aller_200T_PCIe_DMA_v1/Aller_200T_PCIe_DMA/Aller_200T_PCIe_DMA.runs/impl_1/system_wrapper.ltx} [get_hw_devices xc7a200t_0]
current_hw_device [get_hw_devices xc7a200t_0]
refresh_hw_device [lindex [get_hw_devices xc7a200t_0] 0]
INFO: [Labtools 27-2302] Device xc7a200t (JTAG device index = 0) is programmed with a design that has 1 JTAG AXI core(s).
source /home/crypto/ws/thesis-related/read.tcl
# set numread 1
# reset_hw_axi [get_hw_axis hw_axi_1]
# for {set number 0} {$number < $numread} {incr number} {
# create_hw_axi_txn "read_$number" -f [get_hw_axis hw_axi_1] -address 0x00000000000000CC -len 8 -type read
# run_hw_axi "read_$number"
# }
INFO: [Labtoolstcl 44-481] READ DATA is: 403f3e3d3c3b3a393837363534333231302f2e2d2c2b2a292827262524232221
source /home/crypto/ws/thesis-related/read.tcl
# set numread 1
# reset_hw_axi [get_hw_axis hw_axi_1]
# for {set number 0} {$number < $numread} {incr number} {
# create_hw_axi_txn "read_$number" -f [get_hw_axis hw_axi_1] -address 0x00000000000000CC -len 8 -type read
# run_hw_axi "read_$number"
# }
INFO: [Labtoolstcl 44-481] READ DATA is: 403f3e3d3c3b3a393837363534333231302f2e2d2c2b2a292827262524232221
source /home/crypto/ws/thesis-related/en_interrupt.tcl
# set numread 1
# for {set number 0} {$number < $numread} {incr number} {
# create_hw_axi_txn "write_$number" -f [get_hw_axis hw_axi_1] -address 0x40010000 -data 0x0000000F -len 1 -type write 
# run_hw_axi write_$number
# }
INFO: [Labtoolstcl 44-481] WRITE DATA is: 0x0000000F
source /home/crypto/ws/thesis-related/dis_interrupt.tcl
# set numread 1
# for {set number 0} {$number < $numread} {incr number} {
# create_hw_axi_txn "write_$number" -f [get_hw_axis hw_axi_1] -address 0x40010000 -data 0x00000000 -len 1 -type write 
# run_hw_axi write_$number
# }
INFO: [Labtoolstcl 44-481] WRITE DATA is: 0x00000000
source /home/crypto/ws/thesis-related/read.tcl
# set numread 1
# reset_hw_axi [get_hw_axis hw_axi_1]
# for {set number 0} {$number < $numread} {incr number} {
# create_hw_axi_txn "read_$number" -f [get_hw_axis hw_axi_1] -address 0x00000000000000CC -len 1 -type read
# run_hw_axi "read_$number"
# }
INFO: [Labtoolstcl 44-481] READ DATA is: 24232221
source /home/crypto/ws/thesis-related/read.tcl
# set numread 1
# reset_hw_axi [get_hw_axis hw_axi_1]
# for {set number 0} {$number < $numread} {incr number} {
# create_hw_axi_txn "read_$number" -f [get_hw_axis hw_axi_1] -address 0x00000000000000CB -len 1 -type read
# run_hw_axi "read_$number"
# }
INFO: [Labtoolstcl 44-481] READ DATA is: 201f1e1d
source /home/crypto/ws/thesis-related/read.tcl
# set numread 1
# reset_hw_axi [get_hw_axis hw_axi_1]
# for {set number 0} {$number < $numread} {incr number} {
# create_hw_axi_txn "read_$number" -f [get_hw_axis hw_axi_1] -address 0x00000000000000CC -len 1 -type read
# run_hw_axi "read_$number"
# }
INFO: [Labtoolstcl 44-481] READ DATA is: 24232221
source /home/crypto/ws/thesis-related/en_interrupt.tcl
# set numread 1
# for {set number 0} {$number < $numread} {incr number} {
# create_hw_axi_txn "write_$number" -f [get_hw_axis hw_axi_1] -address 0x40010000 -data 0x0000000F -len 1 -type write 
# run_hw_axi write_$number
# }
INFO: [Labtoolstcl 44-481] WRITE DATA is: 0x0000000F
source /home/crypto/ws/thesis-related/dis_interrupt.tcl
# set numread 1
# for {set number 0} {$number < $numread} {incr number} {
# create_hw_axi_txn "write_$number" -f [get_hw_axis hw_axi_1] -address 0x40010000 -data 0x00000000 -len 1 -type write 
# run_hw_axi write_$number
# }
INFO: [Labtoolstcl 44-481] WRITE DATA is: 0x00000000
set_property PROBES.FILE {/home/crypto/ws/thesis-related/hw/test_memory_mapped/Aller_200T_PCIe_DMA_v1/Aller_200T_PCIe_DMA/Aller_200T_PCIe_DMA.runs/impl_1/system_wrapper.ltx} [get_hw_devices xc7a200t_0]
set_property FULL_PROBES.FILE {/home/crypto/ws/thesis-related/hw/test_memory_mapped/Aller_200T_PCIe_DMA_v1/Aller_200T_PCIe_DMA/Aller_200T_PCIe_DMA.runs/impl_1/system_wrapper.ltx} [get_hw_devices xc7a200t_0]
set_property PROGRAM.FILE {/home/crypto/ws/thesis-related/hw/test_memory_mapped/Aller_200T_PCIe_DMA_v1/Aller_200T_PCIe_DMA/Aller_200T_PCIe_DMA.runs/impl_1/system_wrapper.bit} [get_hw_devices xc7a200t_0]
program_hw_devices [get_hw_devices xc7a200t_0]
INFO: [Labtools 27-3164] End of startup status: HIGH
refresh_hw_device [lindex [get_hw_devices xc7a200t_0] 0]
INFO: [Labtools 27-2302] Device xc7a200t (JTAG device index = 0) is programmed with a design that has 1 JTAG AXI core(s).
source /home/crypto/ws/thesis-related/read.tcl
# set numread 1
# reset_hw_axi [get_hw_axis hw_axi_1]
# for {set number 0} {$number < $numread} {incr number} {
# create_hw_axi_txn "read_$number" -f [get_hw_axis hw_axi_1] -address 0x00000000000000CC -len 1 -type read
# run_hw_axi "read_$number"
# }
INFO: [Labtoolstcl 44-481] READ DATA is: 00000000
source /home/crypto/ws/thesis-related/read.tcl
# set numread 1
# reset_hw_axi [get_hw_axis hw_axi_1]
# for {set number 0} {$number < $numread} {incr number} {
# create_hw_axi_txn "read_$number" -f [get_hw_axis hw_axi_1] -address 0x00000000000000CC -len 1 -type read
# run_hw_axi "read_$number"
# }
INFO: [Labtoolstcl 44-481] READ DATA is: 00000000
source /home/crypto/ws/thesis-related/read.tcl
# set numread 1
# reset_hw_axi [get_hw_axis hw_axi_1]
# for {set number 0} {$number < $numread} {incr number} {
# create_hw_axi_txn "read_$number" -f [get_hw_axis hw_axi_1] -address 0x00000000000000CC -len 1 -type read
# run_hw_axi "read_$number"
# }
INFO: [Labtoolstcl 44-481] READ DATA is: 00000000
