#-----------------------------------------------------------
# Vivado v2018.2 (64-bit)
# SW Build 2258646 on Thu Jun 14 20:02:38 MDT 2018
# IP Build 2256618 on Thu Jun 14 22:10:49 MDT 2018
# Start of session at: Sat Apr 18 22:56:37 2020
# Process ID: 2507
# Current directory: /home/crypto/ws/thesis-related/sw/thesis/original_dma_ip_drivers/XDMA/linux-kernel/xdma
# Command line: vivado
# Log file: /home/crypto/ws/thesis-related/sw/thesis/original_dma_ip_drivers/XDMA/linux-kernel/xdma/vivado.log
# Journal file: /home/crypto/ws/thesis-related/sw/thesis/original_dma_ip_drivers/XDMA/linux-kernel/xdma/vivado.jou
#-----------------------------------------------------------
start_gui
open_hw
INFO: [IP_Flow 19-234] Refreshing IP repositories
INFO: [IP_Flow 19-1704] No user IP repositories specified
INFO: [IP_Flow 19-2313] Loaded Vivado IP repository '/home/crypto/ssd/tools/Xilinx20182/Vivado/2018.2/data/ip'.
connect_hw_server
INFO: [Labtools 27-2285] Connecting to hw_server url TCP:localhost:3121
INFO: [Labtools 27-2222] Launching hw_server...
INFO: [Labtools 27-2221] Launch Output:

****** Xilinx hw_server v2018.2
  **** Build date : Jun 14 2018-20:18:37
    ** Copyright 1986-2018 Xilinx, Inc. All Rights Reserved.


open_hw_target
INFO: [Labtoolstcl 44-466] Opening hw_target localhost:3121/xilinx_tcf/Digilent/210241145210
current_hw_device [get_hw_devices xc7a200t_0]
refresh_hw_device -update_hw_probes false [lindex [get_hw_devices xc7a200t_0] 0]
INFO: [Labtools 27-2302] Device xc7a200t (JTAG device index = 0) is programmed with a design that has 1 JTAG AXI core(s).
set_property PROBES.FILE {} [get_hw_devices xc7a200t_0]
set_property FULL_PROBES.FILE {} [get_hw_devices xc7a200t_0]
set_property PROGRAM.FILE {/home/crypto/pcie_dma/BitStream/PcieTop.bit} [get_hw_devices xc7a200t_0]
program_hw_devices [get_hw_devices xc7a200t_0]
INFO: [Labtools 27-3164] End of startup status: HIGH
refresh_hw_device [lindex [get_hw_devices xc7a200t_0] 0]
INFO: [Labtools 27-2302] Device xc7a200t (JTAG device index = 0) is programmed with a design that has 1 JTAG AXI core(s).
source /home/crypto/ws/thesis-related/off_red_blue.tcl
# set numread 1
# for {set number 0} {$number < $numread} {incr number} {
# create_hw_axi_txn "write_$number" -f [get_hw_axis hw_axi_1] -address 0x40000000 -data 0x00000003 -len 1 -type write 
# run_hw_axi write_$number
# }
ERROR: [Xicom 50-38] xicom: AXI TRANSACTION FAILED
INFO: [Labtoolstcl 44-481] WRITE DATA is: 0x00000003
ERROR: [Common 17-39] 'run_hw_axi' failed due to earlier errors.

    while executing
"run_hw_axi write_$number"
    ("for" body line 3)
    invoked from within
"for {set number 0} {$number < $numread} {incr number} {
create_hw_axi_txn "write_$number" -f [get_hw_axis hw_axi_1] -address 0x40000000 -data 0x000000..."
    (file "/home/crypto/ws/thesis-related/off_red_blue.tcl" line 2)
